# JRE version: Java(TM) SE Runtime Environment (8.0_73-b02) (build 1.8.0_73-b02)
# Java VM: Java HotSpot(TM) 64-Bit Server VM (25.73-b02 mixed mode windows-amd64 compressed oops)
Heap:
 PSYoungGen      total 72192K, used 57363K [0x00000000d5800000, 0x00000000dc880000, 0x0000000100000000)
  eden space 60928K, 77% used [0x00000000d5800000,0x00000000d86435e0,0x00000000d9380000)
  from space 11264K, 88% used [0x00000000d9380000,0x00000000d9d41848,0x00000000d9e80000)
  to   space 11776K, 0% used [0x00000000dbd00000,0x00000000dbd00000,0x00000000dc880000)
 ParOldGen       total 53248K, used 11504K [0x0000000080800000, 0x0000000083c00000, 0x00000000d5800000)
  object space 53248K, 21% used [0x0000000080800000,0x000000008133c110,0x0000000083c00000)
 Metaspace       used 34316K, capacity 34678K, committed 35072K, reserved 1079296K
  class space    used 4173K, capacity 4286K, committed 4352K, reserved 1048576K
GC Heap History (10 events):
Event: 12.496 GC heap before
{Heap before GC invocations=6 (full 0):
 PSYoungGen      total 37888K, used 6874K [0x00000000d5800000, 0x00000000d8d00000, 0x0000000100000000)
  eden space 32768K, 5% used [0x00000000d5800000,0x00000000d59b8208,0x00000000d7800000)
  from space 5120K, 99% used [0x00000000d7880000,0x00000000d7d7e7e8,0x00000000d7d80000)
  to   space 10752K, 0% used [0x00000000d8280000,0x00000000d8280000,0x00000000d8d00000)
 ParOldGen       total 87552K, used 15900K [0x0000000080800000, 0x0000000085d80000, 0x00000000d5800000)
  object space 87552K, 18% used [0x0000000080800000,0x00000000817872d8,0x0000000085d80000)
 Metaspace       used 20860K, capacity 21066K, committed 21296K, reserved 1069056K
  class space    used 2555K, capacity 2618K, committed 2688K, reserved 1048576K
Event: 12.524 GC heap after
Heap after GC invocations=6 (full 0):
 PSYoungGen      total 43520K, used 5416K [0x00000000d5800000, 0x00000000dad00000, 0x0000000100000000)
  eden space 32768K, 0% used [0x00000000d5800000,0x00000000d5800000,0x00000000d7800000)
  from space 10752K, 50% used [0x00000000d8280000,0x00000000d87ca040,0x00000000d8d00000)
  to   space 10752K, 0% used [0x00000000d7800000,0x00000000d7800000,0x00000000d8280000)
 ParOldGen       total 87552K, used 15900K [0x0000000080800000, 0x0000000085d80000, 0x00000000d5800000)
  object space 87552K, 18% used [0x0000000080800000,0x00000000817872d8,0x0000000085d80000)
 Metaspace       used 20860K, capacity 21066K, committed 21296K, reserved 1069056K
  class space    used 2555K, capacity 2618K, committed 2688K, reserved 1048576K
}
Event: 12.524 GC heap before
{Heap before GC invocations=7 (full 1):
 PSYoungGen      total 43520K, used 5416K [0x00000000d5800000, 0x00000000dad00000, 0x0000000100000000)
  eden space 32768K, 0% used [0x00000000d5800000,0x00000000d5800000,0x00000000d7800000)
  from space 10752K, 50% used [0x00000000d8280000,0x00000000d87ca040,0x00000000d8d00000)
  to   space 10752K, 0% used [0x00000000d7800000,0x00000000d7800000,0x00000000d8280000)
 ParOldGen       total 87552K, used 15900K [0x0000000080800000, 0x0000000085d80000, 0x00000000d5800000)
  object space 87552K, 18% used [0x0000000080800000,0x00000000817872d8,0x0000000085d80000)
 Metaspace       used 20860K, capacity 21066K, committed 21296K, reserved 1069056K
  class space    used 2555K, capacity 2618K, committed 2688K, reserved 1048576K
Event: 12.614 GC heap after
Heap after GC invocations=7 (full 1):
 PSYoungGen      total 43520K, used 0K [0x00000000d5800000, 0x00000000dad00000, 0x0000000100000000)
  eden space 32768K, 0% used [0x00000000d5800000,0x00000000d5800000,0x00000000d7800000)
  from space 10752K, 0% used [0x00000000d8280000,0x00000000d8280000,0x00000000d8d00000)
  to   space 10752K, 0% used [0x00000000d7800000,0x00000000d7800000,0x00000000d8280000)
 ParOldGen       total 53248K, used 11480K [0x0000000080800000, 0x0000000083c00000, 0x00000000d5800000)
  object space 53248K, 21% used [0x0000000080800000,0x0000000081336110,0x0000000083c00000)
 Metaspace       used 20860K, capacity 21066K, committed 21296K, reserved 1069056K
  class space    used 2555K, capacity 2618K, committed 2688K, reserved 1048576K
}
Event: 13.749 GC heap before
{Heap before GC invocations=8 (full 1):
 PSYoungGen      total 43520K, used 32768K [0x00000000d5800000, 0x00000000dad00000, 0x0000000100000000)
  eden space 32768K, 100% used [0x00000000d5800000,0x00000000d7800000,0x00000000d7800000)
  from space 10752K, 0% used [0x00000000d8280000,0x00000000d8280000,0x00000000d8d00000)
  to   space 10752K, 0% used [0x00000000d7800000,0x00000000d7800000,0x00000000d8280000)
 ParOldGen       total 53248K, used 11480K [0x0000000080800000, 0x0000000083c00000, 0x00000000d5800000)
  object space 53248K, 21% used [0x0000000080800000,0x0000000081336110,0x0000000083c00000)
 Metaspace       used 24618K, capacity 24848K, committed 25088K, reserved 1071104K
  class space    used 3020K, capacity 3067K, committed 3072K, reserved 1048576K
Event: 13.759 GC heap after
Heap after GC invocations=8 (full 1):
 PSYoungGen      total 43520K, used 4692K [0x00000000d5800000, 0x00000000daa00000, 0x0000000100000000)
  eden space 32768K, 0% used [0x00000000d5800000,0x00000000d5800000,0x00000000d7800000)
  from space 10752K, 43% used [0x00000000d7800000,0x00000000d7c95068,0x00000000d8280000)
  to   space 11264K, 0% used [0x00000000d9f00000,0x00000000d9f00000,0x00000000daa00000)
 ParOldGen       total 53248K, used 11488K [0x0000000080800000, 0x0000000083c00000, 0x00000000d5800000)
  object space 53248K, 21% used [0x0000000080800000,0x0000000081338110,0x0000000083c00000)
 Metaspace       used 24618K, capacity 24848K, committed 25088K, reserved 1071104K
  class space    used 3020K, capacity 3067K, committed 3072K, reserved 1048576K
}
Event: 14.546 GC heap before
{Heap before GC invocations=9 (full 1):
 PSYoungGen      total 43520K, used 37460K [0x00000000d5800000, 0x00000000daa00000, 0x0000000100000000)
  eden space 32768K, 100% used [0x00000000d5800000,0x00000000d7800000,0x00000000d7800000)
  from space 10752K, 43% used [0x00000000d7800000,0x00000000d7c95068,0x00000000d8280000)
  to   space 11264K, 0% used [0x00000000d9f00000,0x00000000d9f00000,0x00000000daa00000)
 ParOldGen       total 53248K, used 11488K [0x0000000080800000, 0x0000000083c00000, 0x00000000d5800000)
  object space 53248K, 21% used [0x0000000080800000,0x0000000081338110,0x0000000083c00000)
 Metaspace       used 26093K, capacity 26382K, committed 26880K, reserved 1073152K
  class space    used 3193K, capacity 3232K, committed 3328K, reserved 1048576K
Event: 14.559 GC heap after
Heap after GC invocations=9 (full 1):
 PSYoungGen      total 71680K, used 5315K [0x00000000d5800000, 0x00000000da980000, 0x0000000100000000)
  eden space 60928K, 0% used [0x00000000d5800000,0x00000000d5800000,0x00000000d9380000)
  from space 10752K, 49% used [0x00000000d9f00000,0x00000000da430d78,0x00000000da980000)
  to   space 11264K, 0% used [0x00000000d9380000,0x00000000d9380000,0x00000000d9e80000)
 ParOldGen       total 53248K, used 11496K [0x0000000080800000, 0x0000000083c00000, 0x00000000d5800000)
  object space 53248K, 21% used [0x0000000080800000,0x000000008133a110,0x0000000083c00000)
 Metaspace       used 26093K, capacity 26382K, committed 26880K, reserved 1073152K
  class space    used 3193K, capacity 3232K, committed 3328K, reserved 1048576K
}
Event: 16.676 GC heap before
{Heap before GC invocations=10 (full 1):
 PSYoungGen      total 71680K, used 66243K [0x00000000d5800000, 0x00000000da980000, 0x0000000100000000)
  eden space 60928K, 100% used [0x00000000d5800000,0x00000000d9380000,0x00000000d9380000)
  from space 10752K, 49% used [0x00000000d9f00000,0x00000000da430d78,0x00000000da980000)
  to   space 11264K, 0% used [0x00000000d9380000,0x00000000d9380000,0x00000000d9e80000)
 ParOldGen       total 53248K, used 11496K [0x0000000080800000, 0x0000000083c00000, 0x00000000d5800000)
  object space 53248K, 21% used [0x0000000080800000,0x000000008133a110,0x0000000083c00000)
 Metaspace       used 29839K, capacity 30172K, committed 30464K, reserved 1075200K
  class space    used 3667K, capacity 3767K, committed 3840K, reserved 1048576K
Event: 16.709 GC heap after
Heap after GC invocations=10 (full 1):
 PSYoungGen      total 72192K, used 9990K [0x00000000d5800000, 0x00000000dc880000, 0x0000000100000000)
  eden space 60928K, 0% used [0x00000000d5800000,0x00000000d5800000,0x00000000d9380000)
  from space 11264K, 88% used [0x00000000d9380000,0x00000000d9d41848,0x00000000d9e80000)
  to   space 11776K, 0% used [0x00000000dbd00000,0x00000000dbd00000,0x00000000dc880000)
 ParOldGen       total 53248K, used 11504K [0x0000000080800000, 0x0000000083c00000, 0x00000000d5800000)
  object space 53248K, 21% used [0x0000000080800000,0x000000008133c110,0x0000000083c00000)
 Metaspace       used 29839K, capacity 30172K, committed 30464K, reserved 1075200K
  class space    used 3667K, capacity 3767K, committed 3840K, reserved 1048576K
}

